c:\users\marek\desktop\informatika3\semestralka2usalmost\semestralka2us\x64\debug\vc140.pdb
c:\users\marek\desktop\informatika3\semestralka2usalmost\semestralka2us\x64\debug\vc140.idb
c:\users\marek\desktop\informatika3\semestralka2usalmost\semestralka2us\x64\debug\citac.obj
c:\users\marek\desktop\informatika3\semestralka2usalmost\semestralka2us\x64\debug\hlavny.obj
c:\users\marek\desktop\informatika3\semestralka2usalmost\semestralka2us\x64\debug\itemtosortnez.obj
c:\users\marek\desktop\informatika3\semestralka2usalmost\semestralka2us\x64\debug\kraj.obj
c:\users\marek\desktop\informatika3\semestralka2usalmost\semestralka2us\x64\debug\main.obj
c:\users\marek\desktop\informatika3\semestralka2usalmost\semestralka2us\x64\debug\okresuch.obj
c:\users\marek\desktop\informatika3\semestralka2usalmost\semestralka2us\x64\debug\ds_routines.obj
c:\users\marek\desktop\informatika3\semestralka2usalmost\semestralka2us\x64\debug\memory_routines.obj
c:\users\marek\desktop\informatika3\semestralka2usalmost\semestralka2us\x64\debug\structure.obj
c:\users\marek\desktop\informatika3\semestralka2usalmost\semestralka2us\x64\debug\sort.obj
c:\users\marek\desktop\informatika3\semestralka2usalmost\semestralka2us\x64\debug\vector.obj
c:\users\marek\desktop\informatika3\semestralka2usalmost\semestralka2us\x64\debug\udajnez.obj
c:\users\marek\desktop\informatika3\semestralka2usalmost\semestralka2us\x64\debug\zaznamnez.obj
c:\users\marek\desktop\informatika3\semestralka2usalmost\semestralka2us\x64\debug\zaznamuch.obj
c:\users\marek\desktop\informatika3\semestralka2usalmost\semestralka2us\x64\debug\sortkey.obj
c:\users\marek\desktop\informatika3\semestralka2usalmost\semestralka2us\x64\debug\okres.obj
c:\users\marek\desktop\informatika3\semestralka2usalmost\x64\debug\semestralka2us.ilk
c:\users\marek\desktop\informatika3\semestralka2usalmost\x64\debug\semestralka2us.exe
c:\users\marek\desktop\informatika3\semestralka2usalmost\x64\debug\semestralka2us.pdb
c:\users\marek\desktop\informatika3\semestralka2usalmost\semestralka2us\x64\debug\sortableitem.obj
c:\users\marek\desktop\informatika3\semestralka2usalmost\semestralka2us\x64\debug\citac.obj.enc
c:\users\marek\desktop\informatika3\semestralka2usalmost\semestralka2us\x64\debug\semestralka2us.tlog\cl.command.1.tlog
c:\users\marek\desktop\informatika3\semestralka2usalmost\semestralka2us\x64\debug\semestralka2us.tlog\cl.read.1.tlog
c:\users\marek\desktop\informatika3\semestralka2usalmost\semestralka2us\x64\debug\semestralka2us.tlog\cl.write.1.tlog
c:\users\marek\desktop\informatika3\semestralka2usalmost\semestralka2us\x64\debug\semestralka2us.tlog\link.10388.delete.1.tlog
c:\users\marek\desktop\informatika3\semestralka2usalmost\semestralka2us\x64\debug\semestralka2us.tlog\link.11336.delete.1.tlog
c:\users\marek\desktop\informatika3\semestralka2usalmost\semestralka2us\x64\debug\semestralka2us.tlog\link.12068.delete.1.tlog
c:\users\marek\desktop\informatika3\semestralka2usalmost\semestralka2us\x64\debug\semestralka2us.tlog\link.12404.delete.1.tlog
c:\users\marek\desktop\informatika3\semestralka2usalmost\semestralka2us\x64\debug\semestralka2us.tlog\link.12484.delete.1.tlog
c:\users\marek\desktop\informatika3\semestralka2usalmost\semestralka2us\x64\debug\semestralka2us.tlog\link.12740.delete.1.tlog
c:\users\marek\desktop\informatika3\semestralka2usalmost\semestralka2us\x64\debug\semestralka2us.tlog\link.12904.delete.1.tlog
c:\users\marek\desktop\informatika3\semestralka2usalmost\semestralka2us\x64\debug\semestralka2us.tlog\link.12992.delete.1.tlog
c:\users\marek\desktop\informatika3\semestralka2usalmost\semestralka2us\x64\debug\semestralka2us.tlog\link.13852.delete.1.tlog
c:\users\marek\desktop\informatika3\semestralka2usalmost\semestralka2us\x64\debug\semestralka2us.tlog\link.14324.delete.1.tlog
c:\users\marek\desktop\informatika3\semestralka2usalmost\semestralka2us\x64\debug\semestralka2us.tlog\link.14636.delete.1.tlog
c:\users\marek\desktop\informatika3\semestralka2usalmost\semestralka2us\x64\debug\semestralka2us.tlog\link.15824.delete.1.tlog
c:\users\marek\desktop\informatika3\semestralka2usalmost\semestralka2us\x64\debug\semestralka2us.tlog\link.18048.delete.1.tlog
c:\users\marek\desktop\informatika3\semestralka2usalmost\semestralka2us\x64\debug\semestralka2us.tlog\link.18156.delete.1.tlog
c:\users\marek\desktop\informatika3\semestralka2usalmost\semestralka2us\x64\debug\semestralka2us.tlog\link.18496.delete.1.tlog
c:\users\marek\desktop\informatika3\semestralka2usalmost\semestralka2us\x64\debug\semestralka2us.tlog\link.20652.delete.1.tlog
c:\users\marek\desktop\informatika3\semestralka2usalmost\semestralka2us\x64\debug\semestralka2us.tlog\link.20984.delete.1.tlog
c:\users\marek\desktop\informatika3\semestralka2usalmost\semestralka2us\x64\debug\semestralka2us.tlog\link.22840.delete.1.tlog
c:\users\marek\desktop\informatika3\semestralka2usalmost\semestralka2us\x64\debug\semestralka2us.tlog\link.23400.delete.1.tlog
c:\users\marek\desktop\informatika3\semestralka2usalmost\semestralka2us\x64\debug\semestralka2us.tlog\link.23456.delete.1.tlog
c:\users\marek\desktop\informatika3\semestralka2usalmost\semestralka2us\x64\debug\semestralka2us.tlog\link.5948.delete.1.tlog
c:\users\marek\desktop\informatika3\semestralka2usalmost\semestralka2us\x64\debug\semestralka2us.tlog\link.6664.delete.1.tlog
c:\users\marek\desktop\informatika3\semestralka2usalmost\semestralka2us\x64\debug\semestralka2us.tlog\link.6736.delete.1.tlog
c:\users\marek\desktop\informatika3\semestralka2usalmost\semestralka2us\x64\debug\semestralka2us.tlog\link.8008.delete.1.tlog
c:\users\marek\desktop\informatika3\semestralka2usalmost\semestralka2us\x64\debug\semestralka2us.tlog\link.8400.delete.1.tlog
c:\users\marek\desktop\informatika3\semestralka2usalmost\semestralka2us\x64\debug\semestralka2us.tlog\link.8820.delete.1.tlog
c:\users\marek\desktop\informatika3\semestralka2usalmost\semestralka2us\x64\debug\semestralka2us.tlog\link.8920.delete.1.tlog
c:\users\marek\desktop\informatika3\semestralka2usalmost\semestralka2us\x64\debug\semestralka2us.tlog\link.900.delete.1.tlog
c:\users\marek\desktop\informatika3\semestralka2usalmost\semestralka2us\x64\debug\semestralka2us.tlog\link.9420.delete.1.tlog
c:\users\marek\desktop\informatika3\semestralka2usalmost\semestralka2us\x64\debug\semestralka2us.tlog\link.9768.delete.1.tlog
c:\users\marek\desktop\informatika3\semestralka2usalmost\semestralka2us\x64\debug\semestralka2us.tlog\link.command.1.tlog
c:\users\marek\desktop\informatika3\semestralka2usalmost\semestralka2us\x64\debug\semestralka2us.tlog\link.delete.1.tlog
c:\users\marek\desktop\informatika3\semestralka2usalmost\semestralka2us\x64\debug\semestralka2us.tlog\link.read.1.tlog
c:\users\marek\desktop\informatika3\semestralka2usalmost\semestralka2us\x64\debug\semestralka2us.tlog\link.write.1.tlog
